INFO:2021-01-28 20:19:59,765 - El host/puerto esta disponible
ERROR:2021-01-28 20:20:00,043 - Error de conexion de la camara
ERROR:2021-01-28 20:20:15,704 - Error de conexion de la camara
ERROR:2021-01-28 20:20:15,706 - Error conectando el espectrometro
ERROR:2021-01-28 20:20:38,290 - No se puede conectar con el servidor opc
ERROR:2021-01-28 20:20:38,292 - No se puede conectar con el servidor opc
ERROR:2021-01-28 20:20:38,652 - Error de conexion de la camara
ERROR:2021-01-28 20:20:38,655 - Error conectando el espectrometro
ERROR:2021-01-28 20:20:58,159 - No se puede conectar con el servidor opc
ERROR:2021-01-28 20:20:58,161 - No se puede conectar con el servidor opc
ERROR:2021-01-28 20:20:58,522 - Error de conexion de la camara
ERROR:2021-01-28 20:21:14,354 - No se puede conectar con el servidor opc
ERROR:2021-01-28 20:21:14,356 - No se puede conectar con el servidor opc
ERROR:2021-01-28 20:21:14,715 - Error de conexion de la camara
ERROR:2021-01-28 20:21:30,567 - No se puede conectar con el servidor opc
ERROR:2021-01-28 20:21:30,569 - No se puede conectar con el servidor opc
ERROR:2021-01-28 20:21:30,930 - Error de conexion de la camara
ERROR:2021-01-28 20:21:46,697 - No se puede conectar con el servidor opc
ERROR:2021-01-28 20:21:46,699 - No se puede conectar con el servidor opc
ERROR:2021-01-28 20:21:47,059 - Error de conexion de la camara
ERROR:2021-01-28 20:21:47,064 - Espectrometro desconectado
ERROR:2021-01-28 20:22:02,703 - No se puede conectar con el servidor opc
ERROR:2021-01-28 20:22:02,705 - No se puede conectar con el servidor opc
ERROR:2021-01-28 20:22:03,065 - Error de conexion de la camara
ERROR:2021-01-28 20:22:03,067 - Error conectando el espectrometro
ERROR:2021-01-28 20:22:28,106 - No se puede conectar con el servidor opc
ERROR:2021-01-28 20:22:28,108 - No se puede conectar con el servidor opc
ERROR:2021-01-28 20:22:28,860 - Error conectando el espectrometro
ERROR:2021-01-28 20:22:50,720 - No se puede conectar con el servidor opc
ERROR:2021-01-28 20:22:50,723 - No se puede conectar con el servidor opc
ERROR:2021-01-28 20:22:51,145 - Error conectando el espectrometro
ERROR:2021-01-28 20:23:15,640 - No se puede conectar con el servidor opc
ERROR:2021-01-28 20:23:15,643 - No se puede conectar con el servidor opc
ERROR:2021-01-28 20:23:16,062 - Error conectando el espectrometro
ERROR:2021-01-28 20:23:34,150 - No se puede conectar con el servidor opc
ERROR:2021-01-28 20:23:34,155 - No se puede conectar con el servidor opc
ERROR:2021-01-28 20:23:48,795 - No se puede conectar con el servidor opc
ERROR:2021-01-28 20:23:48,797 - No se puede conectar con el servidor opc
ERROR:2021-01-28 20:24:06,914 - No se puede conectar con el servidor opc
ERROR:2021-01-28 20:24:06,916 - No se puede conectar con el servidor opc
ERROR:2021-01-28 20:24:20,173 - No se puede conectar con el servidor opc
ERROR:2021-01-28 20:24:20,175 - No se puede conectar con el servidor opc
ERROR:2021-01-28 20:24:34,131 - No se puede conectar con el servidor opc
ERROR:2021-01-28 20:24:34,133 - No se puede conectar con el servidor opc
ERROR:2021-01-28 20:24:49,384 - No se puede conectar con el servidor opc
ERROR:2021-01-28 20:24:49,386 - No se puede conectar con el servidor opc
ERROR:2021-01-28 20:27:29,365 - Error calculando soot propensity
ERROR:2021-01-28 21:22:55,144 - Error calculando soot propensity
ERROR:2021-01-28 21:23:09,015 - Espectrometro desconectado
ERROR:2021-01-28 21:23:11,612 - Error conectando el espectrometro
ERROR:2021-01-28 21:23:17,183 - Error calculando soot propensity
ERROR:2021-01-28 21:23:29,421 - Error calculando soot propensity
ERROR:2021-01-28 21:23:47,379 - Error calculando soot propensity
ERROR:2021-01-28 21:23:53,112 - Error adquiriendo la imagen
ERROR:2021-01-28 21:23:56,301 - Error abriendo la camara
ERROR:2021-01-28 21:23:58,611 - Error calculando soot propensity
ERROR:2021-01-28 21:24:04,152 - Error calculando soot propensity
